# JRE version: Java(TM) SE Runtime Environment (18.0.1.1+2) (build 18.0.1.1+2-6)
# Java VM: Java HotSpot(TM) 64-Bit Server VM (18.0.1.1+2-6, mixed mode, sharing, tiered, compressed oops, compressed class ptrs, g1 gc, windows-amd64)
GC Precious Log:
 CardTable entry size: 512
 Card Set container configuration: InlinePtr #cards 5 size 8 Array Of Cards #cards 12 size 40 Howl #buckets 4 coarsen threshold 1843 Howl Bitmap #cards 512 size 80 coarsen threshold 460 Card regions per heap region 1 cards per card region 2048
 CPUs: 8 total, 8 available
 Memory: 8143M
 Large Page Support: Disabled
 NUMA Support: Disabled
 Compressed Oops: Enabled (32-bit)
 Heap Region Size: 1M
 Heap Min Capacity: 8M
 Heap Initial Capacity: 128M
 Heap Max Capacity: 2036M
 Pre-touch: Disabled
 Parallel Workers: 8
 Concurrent Workers: 2
 Concurrent Refinement Workers: 8
 Periodic GC: Disabled
Heap:
 garbage-first heap   total 78848K, used 43103K [0x0000000080c00000, 0x0000000100000000)
  region size 1024K, 13 young (13312K), 3 survivors (3072K)
 Metaspace       used 80023K, committed 80960K, reserved 1179648K
  class space    used 10153K, committed 10560K, reserved 1048576K
GC Heap History (20 events):
Event: 565.077 GC heap before
{Heap before GC invocations=109 (full 15):
 garbage-first heap   total 78848K, used 60053K [0x0000000080c00000, 0x0000000100000000)
  region size 1024K, 29 young (29696K), 0 survivors (0K)
 Metaspace       used 79002K, committed 79872K, reserved 1179648K
  class space    used 10096K, committed 10496K, reserved 1048576K
}
Event: 565.080 GC heap after
{Heap after GC invocations=110 (full 15):
 garbage-first heap   total 78848K, used 33317K [0x0000000080c00000, 0x0000000100000000)
  region size 1024K, 3 young (3072K), 3 survivors (3072K)
 Metaspace       used 79002K, committed 79872K, reserved 1179648K
  class space    used 10096K, committed 10496K, reserved 1048576K
}
Event: 565.477 GC heap before
{Heap before GC invocations=110 (full 15):
 garbage-first heap   total 78848K, used 60965K [0x0000000080c00000, 0x0000000100000000)
  region size 1024K, 30 young (30720K), 3 survivors (3072K)
 Metaspace       used 79086K, committed 79936K, reserved 1179648K
  class space    used 10102K, committed 10496K, reserved 1048576K
}
Event: 565.480 GC heap after
{Heap after GC invocations=111 (full 15):
 garbage-first heap   total 78848K, used 35479K [0x0000000080c00000, 0x0000000100000000)
  region size 1024K, 3 young (3072K), 3 survivors (3072K)
 Metaspace       used 79086K, committed 79936K, reserved 1179648K
  class space    used 10102K, committed 10496K, reserved 1048576K
}
Event: 567.126 GC heap before
{Heap before GC invocations=111 (full 15):
 garbage-first heap   total 78848K, used 52887K [0x0000000080c00000, 0x0000000100000000)
  region size 1024K, 21 young (21504K), 3 survivors (3072K)
 Metaspace       used 79222K, committed 80128K, reserved 1179648K
  class space    used 10110K, committed 10496K, reserved 1048576K
}
Event: 567.169 GC heap after
{Heap after GC invocations=112 (full 16):
 garbage-first heap   total 78848K, used 30547K [0x0000000080c00000, 0x0000000100000000)
  region size 1024K, 0 young (0K), 0 survivors (0K)
 Metaspace       used 79219K, committed 80064K, reserved 1179648K
  class space    used 10109K, committed 10496K, reserved 1048576K
}
Event: 567.615 GC heap before
{Heap before GC invocations=112 (full 16):
 garbage-first heap   total 78848K, used 59219K [0x0000000080c00000, 0x0000000100000000)
  region size 1024K, 29 young (29696K), 0 survivors (0K)
 Metaspace       used 79286K, committed 80128K, reserved 1179648K
  class space    used 10115K, committed 10496K, reserved 1048576K
}
Event: 567.618 GC heap after
{Heap after GC invocations=113 (full 16):
 garbage-first heap   total 78848K, used 33450K [0x0000000080c00000, 0x0000000100000000)
  region size 1024K, 3 young (3072K), 3 survivors (3072K)
 Metaspace       used 79286K, committed 80128K, reserved 1179648K
  class space    used 10115K, committed 10496K, reserved 1048576K
}
Event: 567.923 GC heap before
{Heap before GC invocations=113 (full 16):
 garbage-first heap   total 78848K, used 61098K [0x0000000080c00000, 0x0000000100000000)
  region size 1024K, 30 young (30720K), 3 survivors (3072K)
 Metaspace       used 79396K, committed 80320K, reserved 1179648K
  class space    used 10119K, committed 10560K, reserved 1048576K
}
Event: 567.926 GC heap after
{Heap after GC invocations=114 (full 16):
 garbage-first heap   total 78848K, used 35638K [0x0000000080c00000, 0x0000000100000000)
  region size 1024K, 3 young (3072K), 3 survivors (3072K)
 Metaspace       used 79396K, committed 80320K, reserved 1179648K
  class space    used 10119K, committed 10560K, reserved 1048576K
}
Event: 571.529 GC heap before
{Heap before GC invocations=114 (full 16):
 garbage-first heap   total 78848K, used 53046K [0x0000000080c00000, 0x0000000100000000)
  region size 1024K, 21 young (21504K), 3 survivors (3072K)
 Metaspace       used 79537K, committed 80512K, reserved 1179648K
  class space    used 10125K, committed 10560K, reserved 1048576K
}
Event: 571.569 GC heap after
{Heap after GC invocations=115 (full 17):
 garbage-first heap   total 78848K, used 30752K [0x0000000080c00000, 0x0000000100000000)
  region size 1024K, 0 young (0K), 0 survivors (0K)
 Metaspace       used 79534K, committed 80512K, reserved 1179648K
  class space    used 10125K, committed 10560K, reserved 1048576K
}
Event: 571.998 GC heap before
{Heap before GC invocations=115 (full 17):
 garbage-first heap   total 78848K, used 60448K [0x0000000080c00000, 0x0000000100000000)
  region size 1024K, 29 young (29696K), 0 survivors (0K)
 Metaspace       used 79607K, committed 80576K, reserved 1179648K
  class space    used 10131K, committed 10560K, reserved 1048576K
}
Event: 572.001 GC heap after
{Heap after GC invocations=116 (full 17):
 garbage-first heap   total 78848K, used 33741K [0x0000000080c00000, 0x0000000100000000)
  region size 1024K, 3 young (3072K), 3 survivors (3072K)
 Metaspace       used 79607K, committed 80576K, reserved 1179648K
  class space    used 10131K, committed 10560K, reserved 1048576K
}
Event: 572.282 GC heap before
{Heap before GC invocations=116 (full 17):
 garbage-first heap   total 78848K, used 61389K [0x0000000080c00000, 0x0000000100000000)
  region size 1024K, 30 young (30720K), 3 survivors (3072K)
 Metaspace       used 79729K, committed 80640K, reserved 1179648K
  class space    used 10135K, committed 10560K, reserved 1048576K
}
Event: 572.285 GC heap after
{Heap after GC invocations=117 (full 17):
 garbage-first heap   total 78848K, used 35782K [0x0000000080c00000, 0x0000000100000000)
  region size 1024K, 3 young (3072K), 3 survivors (3072K)
 Metaspace       used 79729K, committed 80640K, reserved 1179648K
  class space    used 10135K, committed 10560K, reserved 1048576K
}
Event: 594.336 GC heap before
{Heap before GC invocations=117 (full 17):
 garbage-first heap   total 78848K, used 53190K [0x0000000080c00000, 0x0000000100000000)
  region size 1024K, 21 young (21504K), 3 survivors (3072K)
 Metaspace       used 79857K, committed 80768K, reserved 1179648K
  class space    used 10141K, committed 10560K, reserved 1048576K
}
Event: 594.383 GC heap after
{Heap after GC invocations=118 (full 18):
 garbage-first heap   total 78848K, used 30934K [0x0000000080c00000, 0x0000000100000000)
  region size 1024K, 0 young (0K), 0 survivors (0K)
 Metaspace       used 79855K, committed 80768K, reserved 1179648K
  class space    used 10140K, committed 10560K, reserved 1048576K
}
Event: 594.836 GC heap before
{Heap before GC invocations=118 (full 18):
 garbage-first heap   total 78848K, used 59606K [0x0000000080c00000, 0x0000000100000000)
  region size 1024K, 29 young (29696K), 0 survivors (0K)
 Metaspace       used 79941K, committed 80832K, reserved 1179648K
  class space    used 10147K, committed 10560K, reserved 1048576K
}
Event: 594.838 GC heap after
{Heap after GC invocations=119 (full 18):
 garbage-first heap   total 78848K, used 33887K [0x0000000080c00000, 0x0000000100000000)
  region size 1024K, 3 young (3072K), 3 survivors (3072K)
 Metaspace       used 79941K, committed 80832K, reserved 1179648K
  class space    used 10147K, committed 10560K, reserved 1048576K
}

