# JRE version: Java(TM) SE Runtime Environment (18.0.1.1+2) (build 18.0.1.1+2-6)
# Java VM: Java HotSpot(TM) 64-Bit Server VM (18.0.1.1+2-6, mixed mode, sharing, tiered, compressed oops, compressed class ptrs, g1 gc, windows-amd64)
GC Precious Log:
 CardTable entry size: 512
 Card Set container configuration: InlinePtr #cards 5 size 8 Array Of Cards #cards 12 size 40 Howl #buckets 4 coarsen threshold 1843 Howl Bitmap #cards 512 size 80 coarsen threshold 460 Card regions per heap region 1 cards per card region 2048
 CPUs: 8 total, 8 available
 Memory: 8143M
 Large Page Support: Disabled
 NUMA Support: Disabled
 Compressed Oops: Enabled (32-bit)
 Heap Region Size: 1M
 Heap Min Capacity: 8M
 Heap Initial Capacity: 128M
 Heap Max Capacity: 2036M
 Pre-touch: Disabled
 Parallel Workers: 8
 Concurrent Workers: 2
 Concurrent Refinement Workers: 8
 Periodic GC: Disabled
Heap:
 garbage-first heap   total 95232K, used 39896K [0x0000000080c00000, 0x0000000100000000)
  region size 1024K, 5 young (5120K), 3 survivors (3072K)
 Metaspace       used 87162K, committed 88000K, reserved 1179648K
  class space    used 11317K, committed 11712K, reserved 1048576K
GC Heap History (20 events):
Event: 129.355 GC heap before
{Heap before GC invocations=37 (full 4):
 garbage-first heap   total 95232K, used 72649K [0x0000000080c00000, 0x0000000100000000)
  region size 1024K, 42 young (43008K), 0 survivors (0K)
 Metaspace       used 77885K, committed 78592K, reserved 1179648K
  class space    used 10331K, committed 10688K, reserved 1048576K
}
Event: 129.358 GC heap after
{Heap after GC invocations=38 (full 4):
 garbage-first heap   total 95232K, used 34674K [0x0000000080c00000, 0x0000000100000000)
  region size 1024K, 4 young (4096K), 4 survivors (4096K)
 Metaspace       used 77885K, committed 78592K, reserved 1179648K
  class space    used 10331K, committed 10688K, reserved 1048576K
}
Event: 132.783 GC heap before
{Heap before GC invocations=38 (full 4):
 garbage-first heap   total 95232K, used 73586K [0x0000000080c00000, 0x0000000100000000)
  region size 1024K, 42 young (43008K), 4 survivors (4096K)
 Metaspace       used 77988K, committed 78784K, reserved 1179648K
  class space    used 10333K, committed 10688K, reserved 1048576K
}
Event: 132.786 GC heap after
{Heap after GC invocations=39 (full 4):
 garbage-first heap   total 95232K, used 37050K [0x0000000080c00000, 0x0000000100000000)
  region size 1024K, 4 young (4096K), 4 survivors (4096K)
 Metaspace       used 77988K, committed 78784K, reserved 1179648K
  class space    used 10333K, committed 10688K, reserved 1048576K
}
Event: 138.024 GC heap before
{Heap before GC invocations=39 (full 4):
 garbage-first heap   total 95232K, used 70842K [0x0000000080c00000, 0x0000000100000000)
  region size 1024K, 38 young (38912K), 4 survivors (4096K)
 Metaspace       used 81725K, committed 82496K, reserved 1179648K
  class space    used 10820K, committed 11200K, reserved 1048576K
}
Event: 138.027 GC heap after
{Heap after GC invocations=40 (full 4):
 garbage-first heap   total 95232K, used 37596K [0x0000000080c00000, 0x0000000100000000)
  region size 1024K, 2 young (2048K), 2 survivors (2048K)
 Metaspace       used 81725K, committed 82496K, reserved 1179648K
  class space    used 10820K, committed 11200K, reserved 1048576K
}
Event: 276.999 GC heap before
{Heap before GC invocations=40 (full 4):
 garbage-first heap   total 95232K, used 72412K [0x0000000080c00000, 0x0000000100000000)
  region size 1024K, 37 young (37888K), 2 survivors (2048K)
 Metaspace       used 85323K, committed 86144K, reserved 1179648K
  class space    used 11251K, committed 11648K, reserved 1048576K
}
Event: 277.001 GC heap after
{Heap after GC invocations=41 (full 4):
 garbage-first heap   total 95232K, used 38617K [0x0000000080c00000, 0x0000000100000000)
  region size 1024K, 3 young (3072K), 3 survivors (3072K)
 Metaspace       used 85323K, committed 86144K, reserved 1179648K
  class space    used 11251K, committed 11648K, reserved 1048576K
}
Event: 301.943 GC heap before
{Heap before GC invocations=41 (full 4):
 garbage-first heap   total 95232K, used 42713K [0x0000000080c00000, 0x0000000100000000)
  region size 1024K, 8 young (8192K), 3 survivors (3072K)
 Metaspace       used 85436K, committed 86272K, reserved 1179648K
  class space    used 11259K, committed 11648K, reserved 1048576K
}
Event: 301.981 GC heap after
{Heap after GC invocations=42 (full 5):
 garbage-first heap   total 95232K, used 33239K [0x0000000080c00000, 0x0000000100000000)
  region size 1024K, 0 young (0K), 0 survivors (0K)
 Metaspace       used 85436K, committed 86272K, reserved 1179648K
  class space    used 11259K, committed 11648K, reserved 1048576K
}
Event: 302.601 GC heap before
{Heap before GC invocations=42 (full 5):
 garbage-first heap   total 95232K, used 74199K [0x0000000080c00000, 0x0000000100000000)
  region size 1024K, 41 young (41984K), 0 survivors (0K)
 Metaspace       used 85687K, committed 86464K, reserved 1179648K
  class space    used 11272K, committed 11648K, reserved 1048576K
}
Event: 302.604 GC heap after
{Heap after GC invocations=43 (full 5):
 garbage-first heap   total 95232K, used 37031K [0x0000000080c00000, 0x0000000100000000)
  region size 1024K, 4 young (4096K), 4 survivors (4096K)
 Metaspace       used 85687K, committed 86464K, reserved 1179648K
  class space    used 11272K, committed 11648K, reserved 1048576K
}
Event: 306.043 GC heap before
{Heap before GC invocations=43 (full 5):
 garbage-first heap   total 95232K, used 74919K [0x0000000080c00000, 0x0000000100000000)
  region size 1024K, 41 young (41984K), 4 survivors (4096K)
 Metaspace       used 85789K, committed 86592K, reserved 1179648K
  class space    used 11275K, committed 11648K, reserved 1048576K
}
Event: 306.046 GC heap after
{Heap after GC invocations=44 (full 5):
 garbage-first heap   total 95232K, used 38673K [0x0000000080c00000, 0x0000000100000000)
  region size 1024K, 3 young (3072K), 3 survivors (3072K)
 Metaspace       used 85789K, committed 86592K, reserved 1179648K
  class space    used 11275K, committed 11648K, reserved 1048576K
}
Event: 703.922 GC heap before
{Heap before GC invocations=44 (full 5):
 garbage-first heap   total 95232K, used 68369K [0x0000000080c00000, 0x0000000100000000)
  region size 1024K, 33 young (33792K), 3 survivors (3072K)
 Metaspace       used 86794K, committed 87680K, reserved 1179648K
  class space    used 11299K, committed 11712K, reserved 1048576K
}
Event: 703.960 GC heap after
{Heap after GC invocations=45 (full 6):
 garbage-first heap   total 95232K, used 33115K [0x0000000080c00000, 0x0000000100000000)
  region size 1024K, 0 young (0K), 0 survivors (0K)
 Metaspace       used 86791K, committed 87680K, reserved 1179648K
  class space    used 11299K, committed 11712K, reserved 1048576K
}
Event: 704.474 GC heap before
{Heap before GC invocations=45 (full 6):
 garbage-first heap   total 95232K, used 74075K [0x0000000080c00000, 0x0000000100000000)
  region size 1024K, 40 young (40960K), 0 survivors (0K)
 Metaspace       used 87048K, committed 87872K, reserved 1179648K
  class space    used 11314K, committed 11712K, reserved 1048576K
}
Event: 704.476 GC heap after
{Heap after GC invocations=46 (full 6):
 garbage-first heap   total 95232K, used 36914K [0x0000000080c00000, 0x0000000100000000)
  region size 1024K, 4 young (4096K), 4 survivors (4096K)
 Metaspace       used 87048K, committed 87872K, reserved 1179648K
  class space    used 11314K, committed 11712K, reserved 1048576K
}
Event: 704.862 GC heap before
{Heap before GC invocations=46 (full 6):
 garbage-first heap   total 95232K, used 74802K [0x0000000080c00000, 0x0000000100000000)
  region size 1024K, 41 young (41984K), 4 survivors (4096K)
 Metaspace       used 87158K, committed 88000K, reserved 1179648K
  class space    used 11316K, committed 11712K, reserved 1048576K
}
Event: 704.865 GC heap after
{Heap after GC invocations=47 (full 6):
 garbage-first heap   total 95232K, used 38872K [0x0000000080c00000, 0x0000000100000000)
  region size 1024K, 3 young (3072K), 3 survivors (3072K)
 Metaspace       used 87158K, committed 88000K, reserved 1179648K
  class space    used 11316K, committed 11712K, reserved 1048576K
}

